{"contracts\\SimpleStorage.sol":{"l":{"23":0,"27":0,"31":0,"32":0},"path":"C:\\Users\\Madhav\\Desktop\\projs\\web3\\sol-starter\\HardHat\\SimpleStorage\\contracts\\SimpleStorage.sol","s":{"1":0,"2":0},"b":{},"f":{"1":0,"2":0,"3":0},"fnMap":{"1":{"name":"store","line":22,"loc":{"start":{"line":22,"column":2},"end":{"line":24,"column":2}}},"2":{"name":"retrieve","line":26,"loc":{"start":{"line":26,"column":2},"end":{"line":28,"column":2}}},"3":{"name":"addPerson","line":30,"loc":{"start":{"line":30,"column":2},"end":{"line":33,"column":2}}}},"statementMap":{"1":{"start":{"line":27,"column":4},"end":{"line":27,"column":25}},"2":{"start":{"line":31,"column":4},"end":{"line":31,"column":46}}},"branchMap":{}}}